app/build/outputs/logs/manifest-merger-debug-report.txt
-- Merging decision tree log ---
manifest
ADDED from AndroidManifest.xml:2:1
	package
		ADDED from AndroidManifest.xml:3:5
		INJECTED from AndroidManifest.xml:0:0
		INJECTED from AndroidManifest.xml:0:0
	android:versionName
		ADDED from AndroidManifest.xml:5:5
	android:versionCode
		ADDED from AndroidManifest.xml:4:5
		INJECTED from AndroidManifest.xml:0:0
		INJECTED from AndroidManifest.xml:0:0
	xmlns:android
		ADDED from AndroidManifest.xml:2:11
uses-sdk
ADDED from AndroidManifest.xml:7:5
MERGED from com.android.support:support-v4:22.0.0:20:5
MERGED from com.google.android.gms:play-services:7.0.0:18:5
MERGED from com.google.android.gms:play-services-ads:7.0.0:18:5
MERGED from com.google.android.gms:play-services-base:7.0.0:18:5
MERGED from com.android.support:support-v4:22.0.0:20:5
MERGED from com.google.android.gms:play-services-analytics:7.0.0:18:5
MERGED from com.google.android.gms:play-services-base:7.0.0:18:5
MERGED from com.android.support:support-v4:22.0.0:20:5
MERGED from com.google.android.gms:play-services-analytics:7.0.0:18:5
MERGED from com.google.android.gms:play-services-base:7.0.0:18:5
MERGED from com.android.support:support-v4:22.0.0:20:5
MERGED from com.google.android.gms:play-services-appindexing:7.0.0:18:5
MERGED from com.google.android.gms:play-services-base:7.0.0:18:5
MERGED from com.android.support:support-v4:22.0.0:20:5
MERGED from com.google.android.gms:play-services-appstate:7.0.0:18:5
MERGED from com.google.android.gms:play-services-base:7.0.0:18:5
MERGED from com.android.support:support-v4:22.0.0:20:5
MERGED from com.google.android.gms:play-services-base:7.0.0:18:5
MERGED from com.android.support:support-v4:22.0.0:20:5
MERGED from com.google.android.gms:play-services-cast:7.0.0:18:5
MERGED from com.google.android.gms:play-services-base:7.0.0:18:5
MERGED from com.android.support:support-v4:22.0.0:20:5
MERGED from com.google.android.gms:play-services-drive:7.0.0:18:5
MERGED from com.google.android.gms:play-services-base:7.0.0:18:5
MERGED from com.android.support:support-v4:22.0.0:20:5
MERGED from com.google.android.gms:play-services-fitness:7.0.0:18:5
MERGED from com.google.android.gms:play-services-base:7.0.0:18:5
MERGED from com.android.support:support-v4:22.0.0:20:5
MERGED from com.google.android.gms:play-services-location:7.0.0:18:5
MERGED from com.google.android.gms:play-services-base:7.0.0:18:5
MERGED from com.android.support:support-v4:22.0.0:20:5
MERGED from com.google.android.gms:play-services-maps:7.0.0:18:5
MERGED from com.google.android.gms:play-services-base:7.0.0:18:5
MERGED from com.android.support:support-v4:22.0.0:20:5
MERGED from com.google.android.gms:play-services-games:7.0.0:18:5
MERGED from com.google.android.gms:play-services-base:7.0.0:18:5
MERGED from com.android.support:support-v4:22.0.0:20:5
MERGED from com.google.android.gms:play-services-drive:7.0.0:18:5
MERGED from com.google.android.gms:play-services-base:7.0.0:18:5
MERGED from com.android.support:support-v4:22.0.0:20:5
MERGED from com.google.android.gms:play-services-gcm:7.0.0:18:5
MERGED from com.google.android.gms:play-services-base:7.0.0:18:5
MERGED from com.android.support:support-v4:22.0.0:20:5
MERGED from com.google.android.gms:play-services-identity:7.0.0:18:5
MERGED from com.google.android.gms:play-services-base:7.0.0:18:5
MERGED from com.android.support:support-v4:22.0.0:20:5
MERGED from com.google.android.gms:play-services-location:7.0.0:18:5
MERGED from com.google.android.gms:play-services-base:7.0.0:18:5
MERGED from com.android.support:support-v4:22.0.0:20:5
MERGED from com.google.android.gms:play-services-maps:7.0.0:18:5
MERGED from com.google.android.gms:play-services-base:7.0.0:18:5
MERGED from com.android.support:support-v4:22.0.0:20:5
MERGED from com.google.android.gms:play-services-maps:7.0.0:18:5
MERGED from com.google.android.gms:play-services-base:7.0.0:18:5
MERGED from com.android.support:support-v4:22.0.0:20:5
MERGED from com.google.android.gms:play-services-nearby:7.0.0:18:5
MERGED from com.google.android.gms:play-services-base:7.0.0:18:5
MERGED from com.android.support:support-v4:22.0.0:20:5
MERGED from com.google.android.gms:play-services-panorama:7.0.0:18:5
MERGED from com.google.android.gms:play-services-base:7.0.0:18:5
MERGED from com.android.support:support-v4:22.0.0:20:5
MERGED from com.google.android.gms:play-services-plus:7.0.0:18:5
MERGED from com.google.android.gms:play-services-base:7.0.0:18:5
MERGED from com.android.support:support-v4:22.0.0:20:5
MERGED from com.google.android.gms:play-services-safetynet:7.0.0:18:5
MERGED from com.google.android.gms:play-services-base:7.0.0:18:5
MERGED from com.android.support:support-v4:22.0.0:20:5
MERGED from com.google.android.gms:play-services-wallet:7.0.0:18:5
MERGED from com.google.android.gms:play-services-base:7.0.0:18:5
MERGED from com.android.support:support-v4:22.0.0:20:5
MERGED from com.google.android.gms:play-services-identity:7.0.0:18:5
MERGED from com.google.android.gms:play-services-base:7.0.0:18:5
MERGED from com.android.support:support-v4:22.0.0:20:5
MERGED from com.google.android.gms:play-services-maps:7.0.0:18:5
MERGED from com.google.android.gms:play-services-base:7.0.0:18:5
MERGED from com.android.support:support-v4:22.0.0:20:5
MERGED from com.google.android.gms:play-services-wearable:7.0.0:18:5
MERGED from com.google.android.gms:play-services-base:7.0.0:18:5
MERGED from com.android.support:support-v4:22.0.0:20:5
	android:targetSdkVersion
		ADDED from AndroidManifest.xml:9:9
		INJECTED from AndroidManifest.xml:0:0
		INJECTED from AndroidManifest.xml:0:0
	android:minSdkVersion
		ADDED from AndroidManifest.xml:8:9
		INJECTED from AndroidManifest.xml:0:0
		INJECTED from AndroidManifest.xml:0:0
application
ADDED from AndroidManifest.xml:12:5
MERGED from com.android.support:support-v4:22.0.0:22:5
MERGED from com.google.android.gms:play-services:7.0.0:19:5
MERGED from com.google.android.gms:play-services-ads:7.0.0:19:5
MERGED from com.google.android.gms:play-services-base:7.0.0:20:5
MERGED from com.android.support:support-v4:22.0.0:22:5
MERGED from com.google.android.gms:play-services-analytics:7.0.0:19:5
MERGED from com.google.android.gms:play-services-base:7.0.0:20:5
MERGED from com.android.support:support-v4:22.0.0:22:5
MERGED from com.google.android.gms:play-services-analytics:7.0.0:19:5
MERGED from com.google.android.gms:play-services-base:7.0.0:20:5
MERGED from com.android.support:support-v4:22.0.0:22:5
MERGED from com.google.android.gms:play-services-appindexing:7.0.0:19:5
MERGED from com.google.android.gms:play-services-base:7.0.0:20:5
MERGED from com.android.support:support-v4:22.0.0:22:5
MERGED from com.google.android.gms:play-services-appstate:7.0.0:19:5
MERGED from com.google.android.gms:play-services-base:7.0.0:20:5
MERGED from com.android.support:support-v4:22.0.0:22:5
MERGED from com.google.android.gms:play-services-base:7.0.0:20:5
MERGED from com.android.support:support-v4:22.0.0:22:5
MERGED from com.google.android.gms:play-services-cast:7.0.0:19:5
MERGED from com.google.android.gms:play-services-base:7.0.0:20:5
MERGED from com.android.support:support-v4:22.0.0:22:5
MERGED from com.google.android.gms:play-services-drive:7.0.0:19:5
MERGED from com.google.android.gms:play-services-base:7.0.0:20:5
MERGED from com.android.support:support-v4:22.0.0:22:5
MERGED from com.google.android.gms:play-services-fitness:7.0.0:19:5
MERGED from com.google.android.gms:play-services-base:7.0.0:20:5
MERGED from com.android.support:support-v4:22.0.0:22:5
MERGED from com.google.android.gms:play-services-location:7.0.0:19:5
MERGED from com.google.android.gms:play-services-base:7.0.0:20:5
MERGED from com.android.support:support-v4:22.0.0:22:5
MERGED from com.google.android.gms:play-services-maps:7.0.0:19:5
MERGED from com.google.android.gms:play-services-base:7.0.0:20:5
MERGED from com.android.support:support-v4:22.0.0:22:5
MERGED from com.google.android.gms:play-services-games:7.0.0:19:5
MERGED from com.google.android.gms:play-services-base:7.0.0:20:5
MERGED from com.android.support:support-v4:22.0.0:22:5
MERGED from com.google.android.gms:play-services-drive:7.0.0:19:5
MERGED from com.google.android.gms:play-services-base:7.0.0:20:5
MERGED from com.android.support:support-v4:22.0.0:22:5
MERGED from com.google.android.gms:play-services-gcm:7.0.0:19:5
MERGED from com.google.android.gms:play-services-base:7.0.0:20:5
MERGED from com.android.support:support-v4:22.0.0:22:5
MERGED from com.google.android.gms:play-services-identity:7.0.0:19:5
MERGED from com.google.android.gms:play-services-base:7.0.0:20:5
MERGED from com.android.support:support-v4:22.0.0:22:5
MERGED from com.google.android.gms:play-services-location:7.0.0:19:5
MERGED from com.google.android.gms:play-services-base:7.0.0:20:5
MERGED from com.android.support:support-v4:22.0.0:22:5
MERGED from com.google.android.gms:play-services-maps:7.0.0:19:5
MERGED from com.google.android.gms:play-services-base:7.0.0:20:5
MERGED from com.android.support:support-v4:22.0.0:22:5
MERGED from com.google.android.gms:play-services-maps:7.0.0:19:5
MERGED from com.google.android.gms:play-services-base:7.0.0:20:5
MERGED from com.android.support:support-v4:22.0.0:22:5
MERGED from com.google.android.gms:play-services-nearby:7.0.0:19:5
MERGED from com.google.android.gms:play-services-base:7.0.0:20:5
MERGED from com.android.support:support-v4:22.0.0:22:5
MERGED from com.google.android.gms:play-services-panorama:7.0.0:19:5
MERGED from com.google.android.gms:play-services-base:7.0.0:20:5
MERGED from com.android.support:support-v4:22.0.0:22:5
MERGED from com.google.android.gms:play-services-plus:7.0.0:19:5
MERGED from com.google.android.gms:play-services-base:7.0.0:20:5
MERGED from com.android.support:support-v4:22.0.0:22:5
MERGED from com.google.android.gms:play-services-safetynet:7.0.0:19:5
MERGED from com.google.android.gms:play-services-base:7.0.0:20:5
MERGED from com.android.support:support-v4:22.0.0:22:5
MERGED from com.google.android.gms:play-services-wallet:7.0.0:19:5
MERGED from com.google.android.gms:play-services-base:7.0.0:20:5
MERGED from com.android.support:support-v4:22.0.0:22:5
MERGED from com.google.android.gms:play-services-identity:7.0.0:19:5
MERGED from com.google.android.gms:play-services-base:7.0.0:20:5
MERGED from com.android.support:support-v4:22.0.0:22:5
MERGED from com.google.android.gms:play-services-maps:7.0.0:19:5
MERGED from com.google.android.gms:play-services-base:7.0.0:20:5
MERGED from com.android.support:support-v4:22.0.0:22:5
MERGED from com.google.android.gms:play-services-wearable:7.0.0:19:5
MERGED from com.google.android.gms:play-services-base:7.0.0:20:5
MERGED from com.android.support:support-v4:22.0.0:22:5
	android:label
		ADDED from AndroidManifest.xml:15:9
	android:allowBackup
		ADDED from AndroidManifest.xml:13:9
	android:icon
		ADDED from AndroidManifest.xml:14:9
	android:theme
		ADDED from AndroidManifest.xml:16:9
service#com.baidu.location.f
ADDED from AndroidManifest.xml:17:9
	android:enabled
		ADDED from AndroidManifest.xml:19:13
	android:process
		ADDED from AndroidManifest.xml:20:13
	android:name
		ADDED from AndroidManifest.xml:18:13
intent-filter#com.baidu.location.service_v2.2
ADDED from AndroidManifest.xml:21:13
action#com.baidu.location.service_v2.2
ADDED from AndroidManifest.xml:22:17
	android:name
		ADDED from AndroidManifest.xml:22:25
meta-data#UMENG_APPKEY
ADDED from AndroidManifest.xml:27:3
	android:value
		ADDED from AndroidManifest.xml:27:14
	android:name
		ADDED from AndroidManifest.xml:27:55
meta-data#UMENG_CHANNEL
ADDED from AndroidManifest.xml:28:3
	android:value
		ADDED from AndroidManifest.xml:28:14
	android:name
		ADDED from AndroidManifest.xml:28:36
meta-data#com.baidu.lbsapi.API_KEY
ADDED from AndroidManifest.xml:30:9
	android:value
		ADDED from AndroidManifest.xml:32:13
	android:name
		ADDED from AndroidManifest.xml:31:13
activity#com.stefan.city.InitActivity
ADDED from AndroidManifest.xml:33:9
	android:screenOrientation
		ADDED from AndroidManifest.xml:36:13
	android:label
		ADDED from AndroidManifest.xml:37:13
	android:launchMode
		ADDED from AndroidManifest.xml:35:13
	android:name
		ADDED from AndroidManifest.xml:34:13
intent-filter#android.intent.action.MAIN+android.intent.category.LAUNCHER
ADDED from AndroidManifest.xml:38:13
action#android.intent.action.MAIN
ADDED from AndroidManifest.xml:39:17
	android:name
		ADDED from AndroidManifest.xml:39:25
category#android.intent.category.LAUNCHER
ADDED from AndroidManifest.xml:40:17
	android:name
		ADDED from AndroidManifest.xml:40:27
activity#com.stefan.city.SendSortActivity
ADDED from AndroidManifest.xml:43:9
	android:screenOrientation
		ADDED from AndroidManifest.xml:43:99
	android:launchMode
		ADDED from AndroidManifest.xml:43:67
	android:name
		ADDED from AndroidManifest.xml:43:19
activity#com.stefan.city.MainActivity
ADDED from AndroidManifest.xml:44:9
	android:screenOrientation
		ADDED from AndroidManifest.xml:44:95
	android:launchMode
		ADDED from AndroidManifest.xml:44:63
	android:name
		ADDED from AndroidManifest.xml:44:19
activity#com.stefan.city.InfoListActivity
ADDED from AndroidManifest.xml:45:9
	android:screenOrientation
		ADDED from AndroidManifest.xml:45:99
	android:launchMode
		ADDED from AndroidManifest.xml:45:67
	android:name
		ADDED from AndroidManifest.xml:45:19
activity#com.stefan.city.SearchActivity
ADDED from AndroidManifest.xml:47:9
	android:screenOrientation
		ADDED from AndroidManifest.xml:47:97
	android:launchMode
		ADDED from AndroidManifest.xml:47:65
	android:name
		ADDED from AndroidManifest.xml:47:19
activity#com.stefan.city.SendActivity
ADDED from AndroidManifest.xml:49:9
	android:screenOrientation
		ADDED from AndroidManifest.xml:49:146
	android:launchMode
		ADDED from AndroidManifest.xml:49:63
	android:configChanges
		ADDED from AndroidManifest.xml:49:95
	android:name
		ADDED from AndroidManifest.xml:49:19
activity#com.stefan.city.WelcomeActivity
ADDED from AndroidManifest.xml:50:9
	android:screenOrientation
		ADDED from AndroidManifest.xml:50:98
	android:launchMode
		ADDED from AndroidManifest.xml:50:66
	android:name
		ADDED from AndroidManifest.xml:50:19
activity#com.stefan.city.DetailActivity
ADDED from AndroidManifest.xml:51:9
	android:screenOrientation
		ADDED from AndroidManifest.xml:51:97
	android:launchMode
		ADDED from AndroidManifest.xml:51:65
	android:name
		ADDED from AndroidManifest.xml:51:19
activity#com.stefan.city.LocalActivity
ADDED from AndroidManifest.xml:52:9
	android:screenOrientation
		ADDED from AndroidManifest.xml:52:96
	android:launchMode
		ADDED from AndroidManifest.xml:52:64
	android:name
		ADDED from AndroidManifest.xml:52:19
activity#com.stefan.city.UserSendListActivity
ADDED from AndroidManifest.xml:53:9
	android:screenOrientation
		ADDED from AndroidManifest.xml:53:103
	android:launchMode
		ADDED from AndroidManifest.xml:53:71
	android:name
		ADDED from AndroidManifest.xml:53:19
activity#com.stefan.city.HistoryActivity
ADDED from AndroidManifest.xml:54:9
	android:screenOrientation
		ADDED from AndroidManifest.xml:54:98
	android:launchMode
		ADDED from AndroidManifest.xml:54:66
	android:name
		ADDED from AndroidManifest.xml:54:19
activity#com.stefan.city.RegisterActivity
ADDED from AndroidManifest.xml:55:9
	android:screenOrientation
		ADDED from AndroidManifest.xml:55:99
	android:launchMode
		ADDED from AndroidManifest.xml:55:67
	android:name
		ADDED from AndroidManifest.xml:55:19
activity#com.stefan.city.FavoriteActivity
ADDED from AndroidManifest.xml:56:9
	android:screenOrientation
		ADDED from AndroidManifest.xml:56:99
	android:launchMode
		ADDED from AndroidManifest.xml:56:67
	android:name
		ADDED from AndroidManifest.xml:56:19
activity#com.stefan.city.SendCategoryActivity
ADDED from AndroidManifest.xml:57:9
	android:screenOrientation
		ADDED from AndroidManifest.xml:57:103
	android:launchMode
		ADDED from AndroidManifest.xml:57:71
	android:name
		ADDED from AndroidManifest.xml:57:19
activity#com.stefan.city.SendCategoryChildActivity
ADDED from AndroidManifest.xml:58:9
	android:screenOrientation
		ADDED from AndroidManifest.xml:58:108
	android:launchMode
		ADDED from AndroidManifest.xml:58:76
	android:name
		ADDED from AndroidManifest.xml:58:19
activity#com.stefan.city.CitySelectActivity
ADDED from AndroidManifest.xml:59:9
	android:screenOrientation
		ADDED from AndroidManifest.xml:59:101
	android:launchMode
		ADDED from AndroidManifest.xml:59:69
	android:name
		ADDED from AndroidManifest.xml:59:19
activity#com.stefan.city.SettingActivity
ADDED from AndroidManifest.xml:60:9
	android:screenOrientation
		ADDED from AndroidManifest.xml:60:98
	android:launchMode
		ADDED from AndroidManifest.xml:60:66
	android:name
		ADDED from AndroidManifest.xml:60:19
activity#com.stefan.city.LoginActivity
ADDED from AndroidManifest.xml:61:9
	android:screenOrientation
		ADDED from AndroidManifest.xml:61:96
	android:launchMode
		ADDED from AndroidManifest.xml:61:64
	android:name
		ADDED from AndroidManifest.xml:61:19
activity#com.stefan.city.CategoryManActivity
ADDED from AndroidManifest.xml:63:9
	android:screenOrientation
		ADDED from AndroidManifest.xml:63:102
	android:launchMode
		ADDED from AndroidManifest.xml:63:70
	android:name
		ADDED from AndroidManifest.xml:63:19
activity#com.stefan.city.CategoryAddActivity
ADDED from AndroidManifest.xml:64:9
	android:screenOrientation
		ADDED from AndroidManifest.xml:64:102
	android:launchMode
		ADDED from AndroidManifest.xml:64:70
	android:name
		ADDED from AndroidManifest.xml:64:19
activity#com.stefan.city.CategoryEditActivity
ADDED from AndroidManifest.xml:66:9
	android:screenOrientation
		ADDED from AndroidManifest.xml:66:103
	android:launchMode
		ADDED from AndroidManifest.xml:66:71
	android:name
		ADDED from AndroidManifest.xml:66:19
activity#com.stefan.city.TakePhotoActivity
ADDED from AndroidManifest.xml:68:9
	android:screenOrientation
		ADDED from AndroidManifest.xml:68:68
	android:name
		ADDED from AndroidManifest.xml:68:19
activity#com.stefan.city.PhotoActivity
ADDED from AndroidManifest.xml:70:9
	android:launchMode
		ADDED from AndroidManifest.xml:70:64
	android:name
		ADDED from AndroidManifest.xml:70:19
activity#com.stefan.city.GPSLocationActivity
ADDED from AndroidManifest.xml:72:9
	android:screenOrientation
		ADDED from AndroidManifest.xml:72:102
	android:launchMode
		ADDED from AndroidManifest.xml:72:70
	android:name
		ADDED from AndroidManifest.xml:72:19
activity#com.stefan.city.RegionListActivity
ADDED from AndroidManifest.xml:73:9
	android:screenOrientation
		ADDED from AndroidManifest.xml:73:101
	android:launchMode
		ADDED from AndroidManifest.xml:73:69
	android:name
		ADDED from AndroidManifest.xml:73:19
activity#com.stefan.city.RegionStreetActivity
ADDED from AndroidManifest.xml:74:9
	android:screenOrientation
		ADDED from AndroidManifest.xml:74:103
	android:launchMode
		ADDED from AndroidManifest.xml:74:71
	android:name
		ADDED from AndroidManifest.xml:74:19
activity#com.stefan.city.CityListActivity
ADDED from AndroidManifest.xml:75:9
	android:screenOrientation
		ADDED from AndroidManifest.xml:75:99
	android:launchMode
		ADDED from AndroidManifest.xml:75:67
	android:name
		ADDED from AndroidManifest.xml:75:19
activity#com.stefan.city.UserManageActivity
ADDED from AndroidManifest.xml:77:9
	android:screenOrientation
		ADDED from AndroidManifest.xml:77:101
	android:launchMode
		ADDED from AndroidManifest.xml:77:69
	android:name
		ADDED from AndroidManifest.xml:77:19
activity#com.stefan.city.UserDetailActivity
ADDED from AndroidManifest.xml:78:9
	android:screenOrientation
		ADDED from AndroidManifest.xml:78:101
	android:launchMode
		ADDED from AndroidManifest.xml:78:69
	android:name
		ADDED from AndroidManifest.xml:78:19
meta-data#com.google.android.gms.version
ADDED from AndroidManifest.xml:82:9
MERGED from com.google.android.gms:play-services-base:7.0.0:21:9
MERGED from com.google.android.gms:play-services-base:7.0.0:21:9
MERGED from com.google.android.gms:play-services-base:7.0.0:21:9
MERGED from com.google.android.gms:play-services-base:7.0.0:21:9
MERGED from com.google.android.gms:play-services-base:7.0.0:21:9
MERGED from com.google.android.gms:play-services-base:7.0.0:21:9
MERGED from com.google.android.gms:play-services-base:7.0.0:21:9
MERGED from com.google.android.gms:play-services-base:7.0.0:21:9
MERGED from com.google.android.gms:play-services-base:7.0.0:21:9
MERGED from com.google.android.gms:play-services-base:7.0.0:21:9
MERGED from com.google.android.gms:play-services-base:7.0.0:21:9
MERGED from com.google.android.gms:play-services-base:7.0.0:21:9
MERGED from com.google.android.gms:play-services-base:7.0.0:21:9
MERGED from com.google.android.gms:play-services-base:7.0.0:21:9
MERGED from com.google.android.gms:play-services-base:7.0.0:21:9
MERGED from com.google.android.gms:play-services-base:7.0.0:21:9
MERGED from com.google.android.gms:play-services-base:7.0.0:21:9
MERGED from com.google.android.gms:play-services-base:7.0.0:21:9
MERGED from com.google.android.gms:play-services-base:7.0.0:21:9
MERGED from com.google.android.gms:play-services-base:7.0.0:21:9
MERGED from com.google.android.gms:play-services-base:7.0.0:21:9
MERGED from com.google.android.gms:play-services-base:7.0.0:21:9
MERGED from com.google.android.gms:play-services-base:7.0.0:21:9
MERGED from com.google.android.gms:play-services-base:7.0.0:21:9
MERGED from com.google.android.gms:play-services-base:7.0.0:21:9
MERGED from com.google.android.gms:play-services-base:7.0.0:21:9
	android:value
		ADDED from AndroidManifest.xml:83:16
	android:name
		ADDED from AndroidManifest.xml:82:20
activity#com.google.android.gms.ads.AdActivity
ADDED from AndroidManifest.xml:84:9
	android:configChanges
		ADDED from AndroidManifest.xml:85:15
	android:name
		ADDED from AndroidManifest.xml:84:19
activity#com.adsmogo.adview.AdsMogoWebView
ADDED from AndroidManifest.xml:88:9
	android:label
		ADDED from AndroidManifest.xml:90:13
	android:configChanges
		ADDED from AndroidManifest.xml:91:13
	android:name
		ADDED from AndroidManifest.xml:89:13
service#com.adsmogo.controller.service.UpdateService
ADDED from AndroidManifest.xml:94:9
	android:process
		ADDED from AndroidManifest.xml:97:13
	android:exported
		ADDED from AndroidManifest.xml:96:13
	android:name
		ADDED from AndroidManifest.xml:95:13
service#com.adsmogo.controller.service.CountService
ADDED from AndroidManifest.xml:99:9
	android:process
		ADDED from AndroidManifest.xml:102:13
	android:exported
		ADDED from AndroidManifest.xml:101:13
	android:name
		ADDED from AndroidManifest.xml:100:13
service#net.youmi.android.BoService
ADDED from AndroidManifest.xml:105:9
	android:name
		ADDED from AndroidManifest.xml:105:18
activity#net.youmi.android.BoBrowser
ADDED from AndroidManifest.xml:108:9
	android:theme
		ADDED from AndroidManifest.xml:110:13
	android:name
		ADDED from AndroidManifest.xml:109:13
meta-data#ADMOGO_KEY
ADDED from AndroidManifest.xml:134:3
	android:value
		ADDED from AndroidManifest.xml:136:13
	android:name
		ADDED from AndroidManifest.xml:135:13
uses-permission#android.permission.INTERNET
ADDED from AndroidManifest.xml:140:5
	android:name
		ADDED from AndroidManifest.xml:140:22
uses-permission#android.permission.ACCESS_NETWORK_STATE
ADDED from AndroidManifest.xml:141:5
	android:name
		ADDED from AndroidManifest.xml:141:22
uses-permission#android.permission.ACCESS_WIFI_STATE
ADDED from AndroidManifest.xml:142:2
	android:name
		ADDED from AndroidManifest.xml:142:19
uses-permission#android.permission.PERMISSION_NAME
ADDED from AndroidManifest.xml:144:2
	android:name
		ADDED from AndroidManifest.xml:144:19
uses-permission#android.permission.READ_PHONE_STATE
ADDED from AndroidManifest.xml:145:2
	android:name
		ADDED from AndroidManifest.xml:145:19
uses-permission#android.permission.CAMERA
ADDED from AndroidManifest.xml:147:2
	android:name
		ADDED from AndroidManifest.xml:147:19
uses-feature#android.hardware.camera
ADDED from AndroidManifest.xml:148:2
	android:name
		ADDED from AndroidManifest.xml:148:16
uses-feature#android.hardware.camera.autofocus
ADDED from AndroidManifest.xml:149:2
	android:name
		ADDED from AndroidManifest.xml:149:16
uses-permission#android.permission.CHANGE_WIFI_STATE
ADDED from AndroidManifest.xml:151:2
	android:name
		ADDED from AndroidManifest.xml:151:19
uses-permission#android.permission.SYSTEM_ALERT_WINDOW
ADDED from AndroidManifest.xml:153:2
	android:name
		ADDED from AndroidManifest.xml:153:19
uses-permission#android.permission.GET_TASKS
ADDED from AndroidManifest.xml:154:2
	android:name
		ADDED from AndroidManifest.xml:154:19
uses-permission#android.permission.ACCESS_FINE_LOCATION
ADDED from AndroidManifest.xml:156:2
	android:name
		ADDED from AndroidManifest.xml:156:19
uses-permission#android.permission.ACCESS_COARSE_LOCATION
ADDED from AndroidManifest.xml:158:2
	android:name
		ADDED from AndroidManifest.xml:158:19
uses-permission#android.permission.WRITE_EXTERNAL_STORAGE
ADDED from AndroidManifest.xml:163:3
	android:name
		ADDED from AndroidManifest.xml:163:20
uses-permission#android.permission.MOUNT_UNMOUNT_FILESYSTEMS
ADDED from AndroidManifest.xml:164:3
	android:name
		ADDED from AndroidManifest.xml:164:20